Build started 2015/11/23 20:22:35.
     1>Project "E:\Programs\Peach3D\pro.winump\Peach3D\Peach3D.vcxproj" on node 2 (Build target(s)).
     1>ClCompile:
         C:\Program Files (x86)\Microsoft Visual Studio 14.0\VC\bin\CL.exe /c /IE:\Programs\Peach3D\pro.winump\Peach3D\ /I"Generated Files\\" /IDebug\ /ZI /ZW /ZW:nostdlib /nologo /W3 /WX- /sdl /MP /Od /Oy- /D _WINDLL /D _UNICODE /D UNICODE /D _DEBUG /D WINAPI_FAMILY=WINAPI_FAMILY_APP /D __WRL_NO_DEFAULT_LIB__ /Gm- /EHsc /RTC1 /MDd /GS /fp:precise /Zc:wchar_t /Zc:forScope /Zc:inline /Fo"Debug\\" /Fd"Debug\vc140.pdb" /Gd /TP /wd4819 /FU"C:\Program Files (x86)\Microsoft Visual Studio 14.0\VC\lib\store\references\platform.winmd" /FU"C:\Program Files (x86)\Windows Kits\10\References\Windows.Foundation.FoundationContract\1.0.0.0\Windows.Foundation.FoundationContract.winmd" /FU"C:\Program Files (x86)\Windows Kits\10\References\Windows.Foundation.UniversalApiContract\1.0.0.0\Windows.Foundation.UniversalApiContract.winmd" /FU"C:\Program Files (x86)\Windows Kits\10\References\Windows.Networking.Connectivity.WwanContract\1.0.0.0\Windows.Networking.Connectivity.WwanContract.winmd" /analyze- /errorReport:prompt ..\..\Peach3D\RenderDX\Peach3DRenderDX.cpp
         Peach3DRenderDX.cpp
       Link:
         C:\Program Files (x86)\Microsoft Visual Studio 14.0\VC\bin\link.exe /ERRORREPORT:PROMPT /OUT:"E:\Programs\Peach3D\tests\test.winump\Debug\Peach3D\Peach3D.dll" /INCREMENTAL /NOLOGO d2d1.lib d3d12.lib dxgi.lib dwrite.lib WindowsApp.lib /MANIFEST:NO /DEBUG:FASTLINK /PDB:"E:\Programs\Peach3D\tests\test.winump\Debug\Peach3D\Peach3D.pdb" /SUBSYSTEM:CONSOLE /TLBID:1 /APPCONTAINER /WINMD:NO /WINMDFILE:"E:\Programs\Peach3D\tests\test.winump\Debug\Peach3D\Peach3D.winmd" /DYNAMICBASE /NXCOMPAT /IMPLIB:"E:\Programs\Peach3D\tests\test.winump\Debug\Peach3D\Peach3D.lib" /MACHINE:X86 /DLL Debug\Peach3DAABB.obj
         Debug\Peach3DAction.obj
         Debug\Peach3DActionImplement.obj
         Debug\Peach3DCamera.obj
         Debug\Peach3DEventDispatcher.obj
         Debug\Peach3DIObject.obj
         Debug\Peach3DIPlatform.obj
         Debug\Peach3DIRender.obj
         Debug\Peach3DIScene.obj
         Debug\Peach3DITexture.obj
         Debug\Peach3DLayoutManager.obj
         Debug\Peach3DLogPrinter.obj
         Debug\Peach3DMatrix4.obj
         Debug\Peach3DMesh.obj
         Debug\Peach3DNode.obj
         Debug\Peach3DObjLoader.obj
         Debug\Peach3DQuaternion.obj
         Debug\Peach3DResourceManager.obj
         Debug\Peach3DSceneManager.obj
         Debug\Peach3DSceneNode.obj
         Debug\Peach3DUtils.obj
         Debug\Peach3DVector.obj
         Debug\Peach3DWidget.obj
         Debug\Peach3DWorldManager.obj
         Debug\Peach3DButton.obj
         Debug\Peach3DLabel.obj
         Debug\Peach3DSprite.obj
         Debug\Peach3DPlatformWinUwp.obj
         Debug\Peach3DCommonDX.obj
         Debug\Peach3DObjectDX.obj
         Debug\Peach3DProgramDX.obj
         Debug\Peach3DRenderDX.obj
         Debug\Peach3DShaderCodeDX.obj
         Debug\Peach3DTextureDX.obj
         Debug\Peach3DTextureLoader.obj
         Debug\tinyxml2.obj
         Debug\xxhash.obj
         Peach3D.vcxproj -> E:\Programs\Peach3D\tests\test.winump\Debug\Peach3D\Peach3D.dll
     1>Done Building Project "E:\Programs\Peach3D\pro.winump\Peach3D\Peach3D.vcxproj" (Build target(s)).

Build succeeded.

Time Elapsed 00:00:03.82
